; Top Design: "ant_lib:ant_cell_1:schematic"
; Netlisted using Hierarchy Policy: "Standard"

Options ResourceUsage=yes UseNutmegFormat=no EnableOptim=no TopDesignName="ant_lib:ant_cell_1:schematic" DcopOutputNodeVoltages=yes DcopOutputPinCurrents=yes DcopOutputAllSweepPoints=no DcopOutputDcopType=0
Port:Term1  N__7 0 Num=1 Z=50 Ohm Noise=yes 
L:L1  N__8 0 L=15.24 nH Noise=yes  
S_Param:SP1 CalcS=yes CalcY=no CalcZ=no GroupDelayAperture=1e-4 FreqConversion=no FreqConversionPort=1 StatusLevel=2 CalcNoise=no SortNoise=0 BandwidthForNoise=1.0 Hz DevOpPtLevel=0 SPSS_WSP=yes \
SweepVar="freq" SweepPlan="SP1_stim" OutputPlan="SP1_Output" 

SweepPlan: SP1_stim Start=0.7 GHz Stop=1.50 GHz Step=1 MHz 

OutputPlan:SP1_Output \
      Type="Output" \
      UseEquationNestLevel=yes \
      EquationNestLevel=2 \
      UseSavedEquationNestLevel=yes \
      SavedEquationNestLevel=2

#load "python","LinearCollapse"
Component Module="LinearCollapse" Type="ModelExtractor" NetworkRepresentation=2
model MSub1 MSUB H=0.787 mm Er=2.2 Mur=1 Cond=1.0E+50 Hu=1e+33 mm T=0.035 mm TanD=0 Rough=0 mm DielectricLossModel=1 FreqForEpsrTanD=1.0 GHz LowFreqForTanD=1.0 kHz HighFreqForTanD=1.0 THz RoughnessModel=2 
CPWG:CPW2  N__3 N__2 Subst="MSub1" W=2.45 mm G=1 mm L=-15 mm 
R:R1  N__2 N__8 R=24.44 Ohm Noise=yes 
CPWG:CPW1  N__6 N__3 Subst="MSub1" W=1.3 mm G=0.28 mm L=-5 mm 
C:C1  N__6 0 C=3.7 pF 
C:C2  N__6 N__7 C=1 pF 
